ERROR - 2024-02-26 00:08:05 --> Unknown column 'tglm' in 'field list'
ERROR - 2024-02-26 00:09:48 --> Unknown column 'tglm' in 'field list'
ERROR - 2024-02-26 01:45:05 --> Unknown column 'kode' in 'field list'
CRITICAL - 2024-02-26 22:45:53 --> Invalid file: siswa.php
#0 C:\xampp\htdocs\care\system\View\View.php(198): CodeIgniter\Exceptions\FrameworkException::forInvalidFile('siswa.php')
#1 C:\xampp\htdocs\care\system\Common.php(1089): CodeIgniter\View\View->render('siswa', Array, true)
#2 C:\xampp\htdocs\care\app\Controllers\Home.php(470): view('siswa', Array)
#3 C:\xampp\htdocs\care\system\CodeIgniter.php(832): App\Controllers\Home->siswa()
#4 C:\xampp\htdocs\care\system\CodeIgniter.php(419): CodeIgniter\CodeIgniter->runController(Object(App\Controllers\Home))
#5 C:\xampp\htdocs\care\system\CodeIgniter.php(326): CodeIgniter\CodeIgniter->handleRequest(NULL, Object(Config\Cache), false)
#6 C:\xampp\htdocs\care\public\index.php(37): CodeIgniter\CodeIgniter->run()
#7 C:\xampp\htdocs\care\system\Commands\Server\rewrite.php(43): require_once('C:\\xampp\\htdocs...')
#8 {main}
ERROR - 2024-02-26 22:57:01 --> Column 'nama_siswa' cannot be null
CRITICAL - 2024-02-26 23:19:47 --> Too few arguments to function App\Models\M_model::join(), 2 passed in C:\xampp\htdocs\care\app\Controllers\Home.php on line 251 and exactly 3 expected
#0 C:\xampp\htdocs\care\app\Controllers\Home.php(251): App\Models\M_model->join('siswa', 'siswa.nis=spp.n...')
#1 C:\xampp\htdocs\care\system\CodeIgniter.php(832): App\Controllers\Home->spp()
#2 C:\xampp\htdocs\care\system\CodeIgniter.php(419): CodeIgniter\CodeIgniter->runController(Object(App\Controllers\Home))
#3 C:\xampp\htdocs\care\system\CodeIgniter.php(326): CodeIgniter\CodeIgniter->handleRequest(NULL, Object(Config\Cache), false)
#4 C:\xampp\htdocs\care\public\index.php(37): CodeIgniter\CodeIgniter->run()
#5 C:\xampp\htdocs\care\system\Commands\Server\rewrite.php(43): require_once('C:\\xampp\\htdocs...')
#6 {main}
ERROR - 2024-02-26 23:24:07 --> Unknown column 'nama_siswa' in 'field list'
ERROR - 2024-02-26 23:38:53 --> Unknown column 'nama_siswa' in 'field list'
